<?xml version="1.0" encoding="UTF-8"?>
<testng-results skipped="0" failed="1" ignored="0" total="2" passed="1">
  <reporter-output>
    <line>
      <![CDATA[<br>Browser launched successfully]]>
    </line>
    <line>
      <![CDATA[<br>Opened URL : https://qadealeradminv2fr.izmocars.com/login.htm]]>
    </line>
    <line>
      <![CDATA[<br>[Ljava.lang.String;@60129b9a is present]]>
    </line>
    <line>
      <![CDATA[<br>Entered value deepti]]>
    </line>
    <line>
      <![CDATA[<br>[Ljava.lang.String;@69653e16 is present]]>
    </line>
    <line>
      <![CDATA[<br>Entered value namasvi2208]]>
    </line>
    <line>
      <![CDATA[<br>[Ljava.lang.String;@18025ced is present]]>
    </line>
    <line>
      <![CDATA[<br>Clicked on ]]>
    </line>
    <line>
      <![CDATA[<br>[Ljava.lang.String;@458342d3 is present]]>
    </line>
    <line>
      <![CDATA[<br>Element Displayed Logout]]>
    </line>
    <line>
      <![CDATA[<br>logout link is displayed on Home page]]>
    </line>
    <line>
      <![CDATA[<br>[Ljava.lang.String;@31024624 is present]]>
    </line>
    <line>
      <![CDATA[<br>Element Displayed Change password]]>
    </line>
    <line>
      <![CDATA[<br>change password is displayed on Home page]]>
    </line>
    <line>
      <![CDATA[<br>[Ljava.lang.String;@3af9aa66 is present]]>
    </line>
    <line>
      <![CDATA[<br>Clicked on Select Organization]]>
    </line>
    <line>
      <![CDATA[<br>[Ljava.lang.String;@294bdeb4 is present]]>
    </line>
    <line>
      <![CDATA[<br>Entered value Citroen]]>
    </line>
  </reporter-output>
  <suite name="Default suite" duration-ms="61235" started-at="2018-11-19T09:04:14Z" finished-at="2018-11-19T09:05:15Z">
    <groups>
    </groups>
    <test name="Default test" duration-ms="61235" started-at="2018-11-19T09:04:14Z" finished-at="2018-11-19T09:05:15Z">
      <class name="com.r1v2.backend.leaddetailsreport.module.testdynamic">
        <test-method status="PASS" signature="setUp()[pri:0, instance:com.r1v2.backend.leaddetailsreport.module.testdynamic@4f063c0a]" name="setUp" is-config="true" duration-ms="89" started-at="2018-11-19T09:04:14Z" finished-at="2018-11-19T09:04:14Z">
          <reporter-output>
          </reporter-output>
        </test-method> <!-- setUp -->
        <test-method status="PASS" signature="beforeClass()[pri:0, instance:com.r1v2.backend.leaddetailsreport.module.testdynamic@4f063c0a]" name="beforeClass" is-config="true" duration-ms="3214" started-at="2018-11-19T09:04:14Z" finished-at="2018-11-19T09:04:17Z">
          <reporter-output>
            <line>
              <![CDATA[<br>Browser launched successfully]]>
            </line>
          </reporter-output>
        </test-method> <!-- beforeClass -->
        <test-method status="PASS" signature="setUpOnce1()[pri:0, instance:com.r1v2.backend.leaddetailsreport.module.testdynamic@4f063c0a]" name="setUpOnce1" is-config="true" duration-ms="4086" started-at="2018-11-19T09:04:17Z" finished-at="2018-11-19T09:04:21Z">
          <reporter-output>
            <line>
              <![CDATA[<br>Opened URL : https://qadealeradminv2fr.izmocars.com/login.htm]]>
            </line>
            <line>
              <![CDATA[<br>[Ljava.lang.String;@60129b9a is present]]>
            </line>
            <line>
              <![CDATA[<br>Entered value deepti]]>
            </line>
            <line>
              <![CDATA[<br>[Ljava.lang.String;@69653e16 is present]]>
            </line>
            <line>
              <![CDATA[<br>Entered value namasvi2208]]>
            </line>
            <line>
              <![CDATA[<br>[Ljava.lang.String;@18025ced is present]]>
            </line>
            <line>
              <![CDATA[<br>Clicked on ]]>
            </line>
          </reporter-output>
        </test-method> <!-- setUpOnce1 -->
        <test-method status="PASS" signature="testPG_1()[pri:1, instance:com.r1v2.backend.leaddetailsreport.module.testdynamic@4f063c0a]" name="testPG_1" duration-ms="115" started-at="2018-11-19T09:04:21Z" finished-at="2018-11-19T09:04:21Z">
          <reporter-output>
            <line>
              <![CDATA[<br>[Ljava.lang.String;@458342d3 is present]]>
            </line>
            <line>
              <![CDATA[<br>Element Displayed Logout]]>
            </line>
            <line>
              <![CDATA[<br>logout link is displayed on Home page]]>
            </line>
            <line>
              <![CDATA[<br>[Ljava.lang.String;@31024624 is present]]>
            </line>
            <line>
              <![CDATA[<br>Element Displayed Change password]]>
            </line>
            <line>
              <![CDATA[<br>change password is displayed on Home page]]>
            </line>
          </reporter-output>
        </test-method> <!-- testPG_1 -->
        <test-method status="PASS" signature="getResult(org.testng.ITestResult)[pri:0, instance:com.r1v2.backend.leaddetailsreport.module.testdynamic@4f063c0a]" name="getResult" is-config="true" duration-ms="182" started-at="2018-11-19T09:04:21Z" finished-at="2018-11-19T09:04:21Z">
          <params>
            <param index="0">
              <value>
                <![CDATA[[TestResult name=testPG_1 status=SUCCESS method=testdynamic.testPG_1()[pri:1, instance:com.r1v2.backend.leaddetailsreport.module.testdynamic@4f063c0a] output=<br>[Ljava.lang.String;@458342d3 is present]]]>
              </value>
            </param>
          </params>
          <reporter-output>
          </reporter-output>
        </test-method> <!-- getResult -->
        <test-method status="FAIL" signature="testLR_1()[pri:2, instance:com.r1v2.backend.leaddetailsreport.module.testdynamic@4f063c0a]" name="testLR_1" duration-ms="53556" started-at="2018-11-19T09:04:21Z" finished-at="2018-11-19T09:05:15Z">
          <exception class="org.openqa.selenium.TimeoutException">
            <message>
              <![CDATA[Expected condition failed: waiting for com.core.actionhandlers.WaitForActionsHandler$WaitForWebElements$3@78d73b1b (tried for 50 second(s) with 500 milliseconds interval)]]>
            </message>
            <full-stacktrace>
              <![CDATA[org.openqa.selenium.TimeoutException: Expected condition failed: waiting for com.core.actionhandlers.WaitForActionsHandler$WaitForWebElements$3@78d73b1b (tried for 50 second(s) with 500 milliseconds interval)
at org.openqa.selenium.support.ui.WebDriverWait.timeoutException(WebDriverWait.java:81)
at org.openqa.selenium.support.ui.FluentWait.until(FluentWait.java:271)
at com.core.actionhandlers.WaitForActionsHandler$WaitForWebElements.exists(WaitForActionsHandler.java:78)
at com.r1v2.common.PageBase.genericGetWebElement(PageBase.java:151)
at com.r1v2.common.PageBase.returnWebElement(PageBase.java:82)
at com.r1v2.common.PageBase.clickElement(PageBase.java:256)
at com.qa.sc.pageobjects.SCLeadreport.selectOEM(SCLeadreport.java:112)
at com.r1v2.backend.leaddetailsreport.module.testdynamic.testLR_1(testdynamic.java:91)
at sun.reflect.NativeMethodAccessorImpl.invoke0(Native Method)
at sun.reflect.NativeMethodAccessorImpl.invoke(Unknown Source)
at sun.reflect.DelegatingMethodAccessorImpl.invoke(Unknown Source)
at java.lang.reflect.Method.invoke(Unknown Source)
at org.testng.internal.MethodInvocationHelper.invokeMethod(MethodInvocationHelper.java:124)
at org.testng.internal.Invoker.invokeMethod(Invoker.java:583)
at org.testng.internal.Invoker.invokeTestMethod(Invoker.java:719)
at org.testng.internal.Invoker.invokeTestMethods(Invoker.java:989)
at org.testng.internal.TestMethodWorker.invokeTestMethods(TestMethodWorker.java:125)
at org.testng.internal.TestMethodWorker.run(TestMethodWorker.java:109)
at org.testng.TestRunner.privateRun(TestRunner.java:648)
at org.testng.TestRunner.run(TestRunner.java:505)
at org.testng.SuiteRunner.runTest(SuiteRunner.java:455)
at org.testng.SuiteRunner.runSequentially(SuiteRunner.java:450)
at org.testng.SuiteRunner.privateRun(SuiteRunner.java:415)
at org.testng.SuiteRunner.run(SuiteRunner.java:364)
at org.testng.SuiteRunnerWorker.runSuite(SuiteRunnerWorker.java:52)
at org.testng.SuiteRunnerWorker.run(SuiteRunnerWorker.java:84)
at org.testng.TestNG.runSuitesSequentially(TestNG.java:1208)
at org.testng.TestNG.runSuitesLocally(TestNG.java:1137)
at org.testng.TestNG.runSuites(TestNG.java:1049)
at org.testng.TestNG.run(TestNG.java:1017)
at org.testng.remote.AbstractRemoteTestNG.run(AbstractRemoteTestNG.java:114)
at org.testng.remote.RemoteTestNG.initAndRun(RemoteTestNG.java:251)
at org.testng.remote.RemoteTestNG.main(RemoteTestNG.java:77)
Caused by: org.openqa.selenium.InvalidSelectorException: invalid selector: Unable to locate an element with the xpath expression //a[contains(@onclick,'select1["+i+"]'] because of the following error:
SyntaxError: Failed to execute 'evaluate' on 'Document': The string '//a[contains(@onclick,'select1["+i+"]']' is not a valid XPath expression.
  (Session info: chrome=70.0.3538.102)
  (Driver info: chromedriver=2.38.552522 (437e6fbedfa8762dec75e2c5b3ddb86763dc9dcb),platform=Windows NT 10.0.10586 x86_64) (WARNING: The server did not provide any stacktrace information)
Command duration or timeout: 0 milliseconds
For documentation on this error, please visit: http://seleniumhq.org/exceptions/invalid_selector_exception.html
Build info: version: '3.13.0', revision: '2f0d292', time: '2018-06-25T15:24:21.231Z'
System info: host: 'IZDT-236', ip: '10.125.101.20', os.name: 'Windows 10', os.arch: 'amd64', os.version: '10.0', java.version: '1.8.0_66'
Driver info: org.openqa.selenium.chrome.ChromeDriver
Capabilities {acceptInsecureCerts: false, acceptSslCerts: false, applicationCacheEnabled: false, browserConnectionEnabled: false, browserName: chrome, chrome: {chromedriverVersion: 2.38.552522 (437e6fbedfa876..., userDataDir: C:\Users\DEEPTI~1.WAD\AppDa...}, cssSelectorsEnabled: true, databaseEnabled: false, handlesAlerts: true, hasTouchScreen: false, javascriptEnabled: true, locationContextEnabled: true, mobileEmulationEnabled: false, nativeEvents: true, networkConnectionEnabled: false, pageLoadStrategy: normal, platform: XP, platformName: XP, rotatable: false, setWindowRect: true, takesHeapSnapshot: true, takesScreenshot: true, unexpectedAlertBehaviour: , unhandledPromptBehavior: , version: 70.0.3538.102, webStorageEnabled: true}
Session ID: 8ac3d31af916bf0c8d4d5d61d97b2e9c
*** Element info: {Using=xpath, value=//a[contains(@onclick,'select1["+i+"]']}
at sun.reflect.GeneratedConstructorAccessor12.newInstance(Unknown Source)
at sun.reflect.DelegatingConstructorAccessorImpl.newInstance(Unknown Source)
at java.lang.reflect.Constructor.newInstance(Unknown Source)
at org.openqa.selenium.remote.ErrorHandler.createThrowable(ErrorHandler.java:214)
at org.openqa.selenium.remote.ErrorHandler.throwIfResponseFailed(ErrorHandler.java:166)
at org.openqa.selenium.remote.http.JsonHttpResponseCodec.reconstructValue(JsonHttpResponseCodec.java:40)
at org.openqa.selenium.remote.http.AbstractHttpResponseCodec.decode(AbstractHttpResponseCodec.java:80)
at org.openqa.selenium.remote.http.AbstractHttpResponseCodec.decode(AbstractHttpResponseCodec.java:44)
at org.openqa.selenium.remote.HttpCommandExecutor.execute(HttpCommandExecutor.java:158)
at org.openqa.selenium.remote.service.DriverCommandExecutor.execute(DriverCommandExecutor.java:83)
at org.openqa.selenium.remote.RemoteWebDriver.execute(RemoteWebDriver.java:548)
at org.openqa.selenium.remote.RemoteWebDriver.findElements(RemoteWebDriver.java:349)
at org.openqa.selenium.remote.RemoteWebDriver.findElementsByXPath(RemoteWebDriver.java:428)
at org.openqa.selenium.By$ByXPath.findElements(By.java:348)
at org.openqa.selenium.remote.RemoteWebDriver.findElements(RemoteWebDriver.java:310)
at com.core.actionhandlers.WaitForActionsHandler$WaitForWebElements$3.apply(WaitForActionsHandler.java:80)
at com.core.actionhandlers.WaitForActionsHandler$WaitForWebElements$3.apply(WaitForActionsHandler.java:1)
at org.openqa.selenium.support.ui.FluentWait.until(FluentWait.java:248)
... 31 more
]]>
            </full-stacktrace>
          </exception> <!-- org.openqa.selenium.TimeoutException -->
          <reporter-output>
            <line>
              <![CDATA[<br>[Ljava.lang.String;@3af9aa66 is present]]>
            </line>
            <line>
              <![CDATA[<br>Clicked on Select Organization]]>
            </line>
            <line>
              <![CDATA[<br>[Ljava.lang.String;@294bdeb4 is present]]>
            </line>
            <line>
              <![CDATA[<br>Entered value Citroen]]>
            </line>
          </reporter-output>
        </test-method> <!-- testLR_1 -->
        <test-method status="PASS" signature="getResult(org.testng.ITestResult)[pri:0, instance:com.r1v2.backend.leaddetailsreport.module.testdynamic@4f063c0a]" name="getResult" is-config="true" duration-ms="61" started-at="2018-11-19T09:05:15Z" finished-at="2018-11-19T09:05:15Z">
          <params>
            <param index="0">
              <value>
                <![CDATA[[TestResult name=testLR_1 status=FAILURE method=testdynamic.testLR_1()[pri:2, instance:com.r1v2.backend.leaddetailsreport.module.testdynamic@4f063c0a] output=<br>[Ljava.lang.String;@3af9aa66 is present]]]>
              </value>
            </param>
          </params>
          <reporter-output>
          </reporter-output>
        </test-method> <!-- getResult -->
      </class> <!-- com.r1v2.backend.leaddetailsreport.module.testdynamic -->
    </test> <!-- Default test -->
  </suite> <!-- Default suite -->
</testng-results>
